<?xml version="1.0" encoding="UTF-8"?>
<!-- Generated by org.testng.reporters.JUnitReportReporter -->
<testsuite hostname="DESKTOP-JCRO5RC" failures="0" tests="1" name="qaclickacademy.mavenjava.SeleiumTest" time="0.006" errors="0" timestamp="2020-10-28T20:59:36 EET" skipped="0">
  <testcase classname="qaclickacademy.mavenjava.SeleiumTest" name="browserAutomation" time="0.006"/>
  <system-out/>
</testsuite> <!-- qaclickacademy.mavenjava.SeleiumTest -->
