<?xml version="1.0" encoding="UTF-8"?>
<!-- Generated by org.testng.reporters.JUnitReportReporter -->
<testsuite hostname="DESKTOP-JCRO5RC" failures="0" tests="2" name="qaclickacademy.mavenjava.RestAPITest" time="0.003" errors="0" timestamp="2020-10-30T00:28:20 EET" skipped="0">
  <testcase classname="qaclickacademy.mavenjava.RestAPITest" name="postJira" time="0.000"/>
  <system-out/>
  <testcase classname="qaclickacademy.mavenjava.RestAPITest" name="deleteTwitter" time="0.003"/>
  <system-out/>
</testsuite> <!-- qaclickacademy.mavenjava.RestAPITest -->
