<?xml version="1.0" encoding="UTF-8"?>
<!-- Generated by org.testng.reporters.JUnitReportReporter -->
<testsuite hostname="DESKTOP-JCRO5RC" failures="0" tests="2" name="qaclickacademy.mavenjava.SeleiumTest" time="0.000" errors="0" timestamp="2020-10-30T00:28:20 EET" skipped="0">
  <testcase classname="qaclickacademy.mavenjava.SeleiumTest" name="browserTest" time="0.000"/>
  <system-out/>
  <testcase classname="qaclickacademy.mavenjava.SeleiumTest" name="elementsUi" time="0.000"/>
  <system-out/>
</testsuite> <!-- qaclickacademy.mavenjava.SeleiumTest -->
